<?xml version="1.0" encoding="UTF-8"?>
<!-- Generated by org.testng.reporters.JUnitReportReporter -->
<testsuite hostname="Giridhars-MacBook-Air.local" name="com.selenium.docker.example.tests.ParallelMethodTest" tests="2" failures="0" timestamp="21 Jul 2019 07:27:41 GMT" time="0.032" errors="0">
  <testcase name="testMethodsTwo" time="0.015" classname="com.selenium.docker.example.tests.ParallelMethodTest"/>
  <testcase name="testMethodsOne" time="0.017" classname="com.selenium.docker.example.tests.ParallelMethodTest"/>
</testsuite> <!-- com.selenium.docker.example.tests.ParallelMethodTest -->
