<?xml version="1.0" encoding="UTF-8"?>
<!-- Generated by org.testng.reporters.JUnitReportReporter -->
<testsuite hostname="Giridhars-MacBook-Air.local" name="com.selenium.docker.example.LoginTestsChrome" tests="3" failures="0" timestamp="21 Jul 2019 06:41:45 GMT" time="68.543" errors="0">
  <testcase name="loginTest" time="11.162" classname="com.selenium.docker.example.LoginTestsChrome"/>
  <testcase name="titleTest" time="20.802" classname="com.selenium.docker.example.LoginTestsChrome"/>
  <testcase name="logoutTest" time="36.579" classname="com.selenium.docker.example.LoginTestsChrome"/>
</testsuite> <!-- com.selenium.docker.example.LoginTestsChrome -->
