<?xml version="1.0" encoding="UTF-8"?>
<!-- Generated by org.testng.reporters.JUnitReportReporter -->
<testsuite hostname="Giridhars-MacBook-Air.local" name="com.selenium.docker.example.LoginTests" tests="3" failures="0" timestamp="20 Jul 2019 15:27:21 GMT" time="15.013" errors="0">
  <testcase name="logoutTest" time="6.041" classname="com.selenium.docker.example.LoginTests"/>
  <testcase name="titleTest" time="2.320" classname="com.selenium.docker.example.LoginTests"/>
  <testcase name="loginTest" time="6.652" classname="com.selenium.docker.example.LoginTests"/>
</testsuite> <!-- com.selenium.docker.example.LoginTests -->
