<?xml version="1.0" encoding="UTF-8"?>
<!-- Generated by org.testng.reporters.JUnitReportReporter -->
<testsuite hostname="Giridhars-MacBook-Air.local" name="com.selenium.docker.example.LoginTestsFirefox" tests="3" failures="0" timestamp="21 Jul 2019 06:41:40 GMT" time="106.415" errors="0">
  <testcase name="logoutTest" time="23.689" classname="com.selenium.docker.example.LoginTestsFirefox"/>
  <testcase name="titleTest" time="40.839" classname="com.selenium.docker.example.LoginTestsFirefox"/>
  <testcase name="loginTest" time="41.887" classname="com.selenium.docker.example.LoginTestsFirefox"/>
</testsuite> <!-- com.selenium.docker.example.LoginTestsFirefox -->
