<?xml version="1.0" encoding="UTF-8"?>
<!-- Generated by org.testng.reporters.JUnitReportReporter -->
<testsuite hostname="Giridhars-MacBook-Air.local" name="com.selenium.docker.example.tests.LoginTestsChrome" tests="3" failures="0" timestamp="21 Jul 2019 09:43:08 GMT" time="29.868" errors="0">
  <testcase name="logoutTest" time="11.329" classname="com.selenium.docker.example.tests.LoginTestsChrome"/>
  <testcase name="loginTest" time="15.375" classname="com.selenium.docker.example.tests.LoginTestsChrome"/>
  <testcase name="titleTest" time="3.164" classname="com.selenium.docker.example.tests.LoginTestsChrome"/>
</testsuite> <!-- com.selenium.docker.example.tests.LoginTestsChrome -->
