<?xml version="1.0" encoding="UTF-8"?>
<!-- Generated by org.testng.reporters.JUnitReportReporter -->
<testsuite hostname="Giridhars-MacBook-Air.local" name="com.selenium.docker.example.tests.LoginTestsFirefox" tests="3" failures="0" timestamp="21 Jul 2019 09:43:03 GMT" time="46.437" errors="0">
  <testcase name="titleTest" time="9.607" classname="com.selenium.docker.example.tests.LoginTestsFirefox"/>
  <testcase name="loginTest" time="14.607" classname="com.selenium.docker.example.tests.LoginTestsFirefox"/>
  <testcase name="logoutTest" time="22.223" classname="com.selenium.docker.example.tests.LoginTestsFirefox"/>
</testsuite> <!-- com.selenium.docker.example.tests.LoginTestsFirefox -->
